<?xml version="1.0" encoding="UTF-8"?>
<testng-results skipped="0" failed="0" ignored="0" total="1" passed="1">
  <reporter-output>
  </reporter-output>
  <suite name="Default suite" duration-ms="19435" started-at="2017-10-23T22:43:36Z" finished-at="2017-10-23T22:43:55Z">
    <groups>
    </groups>
    <test name="Default test" duration-ms="19435" started-at="2017-10-23T22:43:36Z" finished-at="2017-10-23T22:43:55Z">
      <class name="autotest.CheckTrailerWhileHoverOnVideo">
        <test-method status="PASS" signature="beforeMethod()[pri:0, instance:autotest.CheckTrailerWhileHoverOnVideo@482f8f11]" name="beforeMethod" is-config="true" duration-ms="2566" started-at="2017-10-24T01:43:36Z" finished-at="2017-10-24T01:43:38Z">
          <reporter-output>
          </reporter-output>
        </test-method> <!-- beforeMethod -->
        <test-method status="PASS" signature="CheckTrailerWhileHoverOnVideoExists()[pri:0, instance:autotest.CheckTrailerWhileHoverOnVideo@482f8f11]" name="CheckTrailerWhileHoverOnVideoExists" duration-ms="16387" started-at="2017-10-24T01:43:38Z" finished-at="2017-10-24T01:43:55Z">
          <reporter-output>
          </reporter-output>
        </test-method> <!-- CheckTrailerWhileHoverOnVideoExists -->
        <test-method status="PASS" signature="afterMethod()[pri:0, instance:autotest.CheckTrailerWhileHoverOnVideo@482f8f11]" name="afterMethod" is-config="true" duration-ms="468" started-at="2017-10-24T01:43:55Z" finished-at="2017-10-24T01:43:55Z">
          <reporter-output>
          </reporter-output>
        </test-method> <!-- afterMethod -->
      </class> <!-- autotest.CheckTrailerWhileHoverOnVideo -->
    </test> <!-- Default test -->
  </suite> <!-- Default suite -->
</testng-results>
